<?xml version="1.0" encoding="UTF-8"?>
<!-- Generated by org.testng.reporters.JUnitReportReporter -->
<testsuite hostname="LAPTOP-FUAE1D8K" failures="0" tests="1" name="Helloworld_arpit.TestHelloworld" time="0.006" errors="0" timestamp="2021-05-07T09:17:01 IST" skipped="0">
  <testcase classname="Helloworld_arpit.TestHelloworld" name="testHelloworld" time="0.006"/>
  <system-out/>
</testsuite> <!-- Helloworld_arpit.TestHelloworld -->
